0 info it worked if it ends with ok
1 verbose cli [ 'node', '/usr/local/bin/npm', 'publish', './' ]
2 info using npm@2.5.1
3 info using node@v0.12.0
4 verbose node symlink /usr/local/bin/node
5 verbose publish [ './' ]
6 silly cache add args [ './', null ]
7 verbose cache add spec ./
8 silly cache add parsed spec { raw: './',
8 silly cache add   scope: null,
8 silly cache add   name: null,
8 silly cache add   rawSpec: './',
8 silly cache add   spec: '/Users/hkarl/source/friendly_ddos/adjanimals',
8 silly cache add   type: 'directory' }
9 verbose addLocalDirectory /Users/hkarl/.npm/adjanimals/0.0.4/package.tgz not in flight; packing
10 verbose tar pack [ '/Users/hkarl/.npm/adjanimals/0.0.4/package.tgz',
10 verbose tar pack   '/Users/hkarl/source/friendly_ddos/adjanimals' ]
11 verbose tarball /Users/hkarl/.npm/adjanimals/0.0.4/package.tgz
12 verbose folder /Users/hkarl/source/friendly_ddos/adjanimals
13 info prepublish adjanimals@0.0.4
14 verbose addLocalTarball adding from inside cache /Users/hkarl/.npm/adjanimals/0.0.4/package.tgz
15 silly cache afterAdd adjanimals@0.0.4
16 verbose afterAdd /Users/hkarl/.npm/adjanimals/0.0.4/package/package.json not in flight; writing
17 verbose afterAdd /Users/hkarl/.npm/adjanimals/0.0.4/package/package.json written
18 silly publish { name: 'adjanimals',
18 silly publish   version: '0.0.4',
18 silly publish   description: 'Get animals with descriptive adjectives',
18 silly publish   license: 'MIT',
18 silly publish   repository: { type: 'git', url: 'https://github.com/hamitron/animals' },
18 silly publish   bin: { adjanimals: 'cli.js' },
18 silly publish   author:
18 silly publish    { name: 'Hamilton Karl',
18 silly publish      email: 'hqkarl@gmail.com',
18 silly publish      url: 'http://hamiltonk.com' },
18 silly publish   engines: { node: '>=0.10.0' },
18 silly publish   scripts: { test: 'node test.js' },
18 silly publish   files: [ 'index.js', 'cli.js', 'words.json', 'adjectives.json' ],
18 silly publish   keywords: [ 'cli', 'bin', 'animals', 'list', 'array', 'random', 'rand' ],
18 silly publish   dependencies: { minimist: '^0.2.0', 'unique-random': '^0.1.1' },
18 silly publish   devDependencies: { ava: '0.0.3' },
18 silly publish   readme: 'Aminals\n\n## License\nEntirely based on [superb](https://github.com/sindresorhus/superb) by [Sindre Sorhus](http://sindresorhus.com/).\nForked from [Stephan Bönnemann](http://boennemann.me) © MIT \n',
18 silly publish   readmeFilename: 'readme.md',
18 silly publish   gitHead: 'a17d8d7ab135ce2e45869ff6032ff9f6cdcaa872',
18 silly publish   bugs: { url: 'https://github.com/hamitron/animals/issues' },
18 silly publish   homepage: 'https://github.com/hamitron/animals',
18 silly publish   _id: 'adjanimals@0.0.4',
18 silly publish   _shasum: '328706cbb1e08dc79777f0a4aedfe3866a9e16d2',
18 silly publish   _from: '.' }
19 silly mapToRegistry name adjanimals
20 silly mapToRegistry using default registry
21 silly mapToRegistry registry https://registry.npmjs.org/
22 silly mapToRegistry uri https://registry.npmjs.org/adjanimals
23 verbose publish registryBase https://registry.npmjs.org/
24 silly publish uploading /Users/hkarl/.npm/adjanimals/0.0.4/package.tgz
25 verbose request uri https://registry.npmjs.org/adjanimals
26 verbose request sending authorization for write operation
27 info attempt registry request try #1 at 15:35:34
28 verbose request using bearer token for auth
29 verbose request id b65738cff5f42603
30 http request PUT https://registry.npmjs.org/adjanimals
31 http 403 https://registry.npmjs.org/adjanimals
32 verbose headers { 'content-type': 'application/json',
32 verbose headers   'cache-control': 'max-age=60',
32 verbose headers   'content-length': '95',
32 verbose headers   'accept-ranges': 'bytes',
32 verbose headers   date: 'Fri, 11 Sep 2015 22:35:34 GMT',
32 verbose headers   via: '1.1 varnish',
32 verbose headers   connection: 'keep-alive',
32 verbose headers   'x-served-by': 'cache-lax1421-LAX',
32 verbose headers   'x-cache': 'MISS',
32 verbose headers   'x-cache-hits': '0',
32 verbose headers   'x-timer': 'S1442010934.109105,VS0,VE174' }
33 verbose request invalidating /Users/hkarl/.npm/registry.npmjs.org/adjanimals on PUT
34 error publish Failed PUT 403
35 verbose stack Error: "You cannot publish over the previously published version 0.0.4." : adjanimals
35 verbose stack     at CachingRegistryClient.<anonymous> (/usr/local/lib/node_modules/npm/node_modules/npm-registry-client/lib/request.js:254:14)
35 verbose stack     at Request._callback (/usr/local/lib/node_modules/npm/node_modules/npm-registry-client/lib/request.js:178:14)
35 verbose stack     at Request.self.callback (/usr/local/lib/node_modules/npm/node_modules/request/request.js:344:22)
35 verbose stack     at Request.emit (events.js:110:17)
35 verbose stack     at Request.<anonymous> (/usr/local/lib/node_modules/npm/node_modules/request/request.js:1239:14)
35 verbose stack     at Request.emit (events.js:129:20)
35 verbose stack     at IncomingMessage.<anonymous> (/usr/local/lib/node_modules/npm/node_modules/request/request.js:1187:12)
35 verbose stack     at IncomingMessage.emit (events.js:129:20)
35 verbose stack     at _stream_readable.js:908:16
35 verbose stack     at process._tickCallback (node.js:355:11)
36 verbose statusCode 403
37 verbose pkgid adjanimals
38 verbose cwd /Users/hkarl/source/friendly_ddos/adjanimals
39 error Darwin 14.4.0
40 error argv "node" "/usr/local/bin/npm" "publish" "./"
41 error node v0.12.0
42 error npm  v2.5.1
43 error code E403
44 error "You cannot publish over the previously published version 0.0.4." : adjanimals
45 error If you need help, you may report this error at:
45 error     <http://github.com/npm/npm/issues>
46 verbose exit [ 1, true ]
